# JRE version: OpenJDK Runtime Environment Temurin-17.0.7+7 (17.0.7+7) (build 17.0.7+7)
# Java VM: OpenJDK 64-Bit Server VM Temurin-17.0.7+7 (17.0.7+7, mixed mode, sharing, tiered, compressed oops, compressed class ptrs, g1 gc, windows-amd64)
GC Precious Log:
 CPUs: 20 total, 20 available
 Memory: 65300M
 Large Page Support: Disabled
 NUMA Support: Disabled
 Compressed Oops: Enabled (Zero based)
 Heap Region Size: 2M
 Heap Min Capacity: 512M
 Heap Initial Capacity: 512M
 Heap Max Capacity: 4072M
 Pre-touch: Disabled
 Parallel Workers: 15
 Concurrent Workers: 4
 Concurrent Refinement Workers: 15
 Periodic GC: Disabled
 String Deduplication is enabled
Heap:
 garbage-first heap   total 524288K, used 82405K [0x0000000701800000, 0x0000000800000000)
  region size 2048K, 2 young (4096K), 1 survivors (2048K)
 Metaspace       used 80607K, committed 81280K, reserved 1179648K
  class space    used 10914K, committed 11264K, reserved 1048576K
GC Heap History (20 events):
Event: 1282.181 GC heap before
{Heap before GC invocations=65 (full 2):
 garbage-first heap   total 524288K, used 162058K [0x0000000701800000, 0x0000000800000000)
  region size 2048K, 40 young (81920K), 1 survivors (2048K)
 Metaspace       used 80052K, committed 80704K, reserved 1179648K
  class space    used 10872K, committed 11200K, reserved 1048576K
}
Event: 1282.183 GC heap after
{Heap after GC invocations=66 (full 2):
 garbage-first heap   total 524288K, used 82060K [0x0000000701800000, 0x0000000800000000)
  region size 2048K, 1 young (2048K), 1 survivors (2048K)
 Metaspace       used 80052K, committed 80704K, reserved 1179648K
  class space    used 10872K, committed 11200K, reserved 1048576K
}
Event: 1320.901 GC heap before
{Heap before GC invocations=66 (full 2):
 garbage-first heap   total 524288K, used 161932K [0x0000000701800000, 0x0000000800000000)
  region size 2048K, 40 young (81920K), 1 survivors (2048K)
 Metaspace       used 80507K, committed 81216K, reserved 1179648K
  class space    used 10914K, committed 11264K, reserved 1048576K
}
Event: 1320.906 GC heap after
{Heap after GC invocations=67 (full 2):
 garbage-first heap   total 524288K, used 82163K [0x0000000701800000, 0x0000000800000000)
  region size 2048K, 1 young (2048K), 1 survivors (2048K)
 Metaspace       used 80507K, committed 81216K, reserved 1179648K
  class space    used 10914K, committed 11264K, reserved 1048576K
}
Event: 1338.373 GC heap before
{Heap before GC invocations=67 (full 2):
 garbage-first heap   total 524288K, used 162035K [0x0000000701800000, 0x0000000800000000)
  region size 2048K, 40 young (81920K), 1 survivors (2048K)
 Metaspace       used 80522K, committed 81216K, reserved 1179648K
  class space    used 10914K, committed 11264K, reserved 1048576K
}
Event: 1338.375 GC heap after
{Heap after GC invocations=68 (full 2):
 garbage-first heap   total 524288K, used 82190K [0x0000000701800000, 0x0000000800000000)
  region size 2048K, 1 young (2048K), 1 survivors (2048K)
 Metaspace       used 80522K, committed 81216K, reserved 1179648K
  class space    used 10914K, committed 11264K, reserved 1048576K
}
Event: 1355.842 GC heap before
{Heap before GC invocations=68 (full 2):
 garbage-first heap   total 524288K, used 162062K [0x0000000701800000, 0x0000000800000000)
  region size 2048K, 40 young (81920K), 1 survivors (2048K)
 Metaspace       used 80539K, committed 81216K, reserved 1179648K
  class space    used 10914K, committed 11264K, reserved 1048576K
}
Event: 1355.847 GC heap after
{Heap after GC invocations=69 (full 2):
 garbage-first heap   total 524288K, used 82144K [0x0000000701800000, 0x0000000800000000)
  region size 2048K, 1 young (2048K), 1 survivors (2048K)
 Metaspace       used 80539K, committed 81216K, reserved 1179648K
  class space    used 10914K, committed 11264K, reserved 1048576K
}
Event: 1359.921 GC heap before
{Heap before GC invocations=69 (full 2):
 garbage-first heap   total 524288K, used 162016K [0x0000000701800000, 0x0000000800000000)
  region size 2048K, 40 young (81920K), 1 survivors (2048K)
 Metaspace       used 80576K, committed 81280K, reserved 1179648K
  class space    used 10914K, committed 11264K, reserved 1048576K
}
Event: 1359.927 GC heap after
{Heap after GC invocations=70 (full 2):
 garbage-first heap   total 524288K, used 82189K [0x0000000701800000, 0x0000000800000000)
  region size 2048K, 1 young (2048K), 1 survivors (2048K)
 Metaspace       used 80576K, committed 81280K, reserved 1179648K
  class space    used 10914K, committed 11264K, reserved 1048576K
}
Event: 1362.803 GC heap before
{Heap before GC invocations=70 (full 2):
 garbage-first heap   total 524288K, used 162061K [0x0000000701800000, 0x0000000800000000)
  region size 2048K, 40 young (81920K), 1 survivors (2048K)
 Metaspace       used 80577K, committed 81280K, reserved 1179648K
  class space    used 10914K, committed 11264K, reserved 1048576K
}
Event: 1362.805 GC heap after
{Heap after GC invocations=71 (full 2):
 garbage-first heap   total 524288K, used 82217K [0x0000000701800000, 0x0000000800000000)
  region size 2048K, 1 young (2048K), 1 survivors (2048K)
 Metaspace       used 80577K, committed 81280K, reserved 1179648K
  class space    used 10914K, committed 11264K, reserved 1048576K
}
Event: 1369.776 GC heap before
{Heap before GC invocations=71 (full 2):
 garbage-first heap   total 524288K, used 162089K [0x0000000701800000, 0x0000000800000000)
  region size 2048K, 40 young (81920K), 1 survivors (2048K)
 Metaspace       used 80596K, committed 81280K, reserved 1179648K
  class space    used 10914K, committed 11264K, reserved 1048576K
}
Event: 1369.777 GC heap after
{Heap after GC invocations=72 (full 2):
 garbage-first heap   total 524288K, used 82362K [0x0000000701800000, 0x0000000800000000)
  region size 2048K, 1 young (2048K), 1 survivors (2048K)
 Metaspace       used 80596K, committed 81280K, reserved 1179648K
  class space    used 10914K, committed 11264K, reserved 1048576K
}
Event: 1388.365 GC heap before
{Heap before GC invocations=72 (full 2):
 garbage-first heap   total 524288K, used 162234K [0x0000000701800000, 0x0000000800000000)
  region size 2048K, 40 young (81920K), 1 survivors (2048K)
 Metaspace       used 80599K, committed 81280K, reserved 1179648K
  class space    used 10914K, committed 11264K, reserved 1048576K
}
Event: 1388.370 GC heap after
{Heap after GC invocations=73 (full 2):
 garbage-first heap   total 524288K, used 82395K [0x0000000701800000, 0x0000000800000000)
  region size 2048K, 1 young (2048K), 1 survivors (2048K)
 Metaspace       used 80599K, committed 81280K, reserved 1179648K
  class space    used 10914K, committed 11264K, reserved 1048576K
}
Event: 1495.228 GC heap before
{Heap before GC invocations=73 (full 2):
 garbage-first heap   total 524288K, used 162267K [0x0000000701800000, 0x0000000800000000)
  region size 2048K, 40 young (81920K), 1 survivors (2048K)
 Metaspace       used 80599K, committed 81280K, reserved 1179648K
  class space    used 10914K, committed 11264K, reserved 1048576K
}
Event: 1495.233 GC heap after
{Heap after GC invocations=74 (full 2):
 garbage-first heap   total 524288K, used 82487K [0x0000000701800000, 0x0000000800000000)
  region size 2048K, 1 young (2048K), 1 survivors (2048K)
 Metaspace       used 80599K, committed 81280K, reserved 1179648K
  class space    used 10914K, committed 11264K, reserved 1048576K
}
Event: 1506.075 GC heap before
{Heap before GC invocations=74 (full 2):
 garbage-first heap   total 524288K, used 162359K [0x0000000701800000, 0x0000000800000000)
  region size 2048K, 40 young (81920K), 1 survivors (2048K)
 Metaspace       used 80607K, committed 81280K, reserved 1179648K
  class space    used 10914K, committed 11264K, reserved 1048576K
}
Event: 1506.077 GC heap after
{Heap after GC invocations=75 (full 2):
 garbage-first heap   total 524288K, used 82405K [0x0000000701800000, 0x0000000800000000)
  region size 2048K, 1 young (2048K), 1 survivors (2048K)
 Metaspace       used 80607K, committed 81280K, reserved 1179648K
  class space    used 10914K, committed 11264K, reserved 1048576K
}

